{
  "stats": {
    "suites": 20,
    "tests": 36,
    "passes": 33,
    "pending": 0,
    "failures": 3,
    "start": "2022-05-17T11:43:31.226Z",
    "end": "2022-05-17T11:46:15.748Z",
    "duration": 87738,
    "testsRegistered": 36,
    "passPercent": 91.66666666666667,
    "pendingPercent": 0,
    "other": 0,
    "hasOther": false,
    "skipped": 0,
    "hasSkipped": false
  },
  "results": [
    {
      "uuid": "08d2501e-20c1-4974-9d0b-8670ac595e39",
      "title": "",
      "fullFile": "cypress/integration/automation-test-store/add-multiple-items-to-basket.js",
      "file": "cypress/integration/automation-test-store/add-multiple-items-to-basket.js",
      "beforeHooks": [],
      "afterHooks": [],
      "tests": [],
      "suites": [
        {
          "uuid": "4476aaa6-efec-486a-9d74-d2ea2e468612",
          "title": "Add multiple items to basket",
          "fullFile": "",
          "file": "",
          "beforeHooks": [],
          "afterHooks": [],
          "tests": [
            {
              "title": "Add specific items to basket",
              "fullTitle": "Add multiple items to basket Add specific items to basket",
              "timedOut": null,
              "duration": 3428,
              "state": "passed",
              "speed": "fast",
              "pass": true,
              "fail": false,
              "pending": false,
              "context": null,
              "code": "globalThis.data.productName.forEach(element => {\n  cy.addProductToBasket(element);\n});\ncy.get(\".dropdown-toggle > .fa\").click();",
              "err": {},
              "uuid": "fac34504-d025-4ff1-a88f-04c1ae4f133b",
              "parentUUID": "4476aaa6-efec-486a-9d74-d2ea2e468612",
              "isHook": false,
              "skipped": false
            }
          ],
          "suites": [],
          "passes": [
            "fac34504-d025-4ff1-a88f-04c1ae4f133b"
          ],
          "failures": [],
          "pending": [],
          "skipped": [],
          "duration": 3428,
          "root": false,
          "rootEmpty": false,
          "_timeout": 2000
        }
      ],
      "passes": [],
      "failures": [],
      "pending": [],
      "skipped": [],
      "duration": 0,
      "root": true,
      "rootEmpty": true,
      "_timeout": 2000
    },
    {
      "uuid": "4ac1a890-85b4-4020-ad18-cd2aba3bc512",
      "title": "",
      "fullFile": "cypress/integration/automation-test-store/alias-invoke.js",
      "file": "cypress/integration/automation-test-store/alias-invoke.js",
      "beforeHooks": [],
      "afterHooks": [],
      "tests": [],
      "suites": [
        {
          "uuid": "ad12cb50-90b5-4594-9f7e-ffa557ad66f8",
          "title": "Alias and invoke",
          "fullFile": "",
          "file": "",
          "beforeHooks": [],
          "afterHooks": [],
          "tests": [
            {
              "title": "Calculate total of normal and sale products",
              "fullTitle": "Alias and invoke Calculate total of normal and sale products",
              "timedOut": null,
              "duration": 2732,
              "state": "passed",
              "speed": "fast",
              "pass": true,
              "fail": false,
              "pending": false,
              "context": null,
              "code": "cy.visit(\"https://automationteststore.com/\");\ncy.get(\".thumbnail\").as(\"productThumbnails\"); // cy.get(\"@productThumbnails\")\n//   .find(\".oneprice\")\n//   .each(($elem, index) => {\n//     cy.log($elem.text());\nlet itemsTotal = 0;\ncy.get(\".thumbnail\").find(\".oneprice\").invoke(\"text\").as(\"itemPrice\");\ncy.get(\".thumbnail\").find(\".pricenew\").invoke(\"text\").as(\"saleItemPrice\");\ncy.get(\"@itemPrice\").then($linkText => {\n  let itemsPriceTotal = 0;\n  let itemPrice = $linkText.split(\"$\");\n  for (let i = 0; i < itemPrice.length; i++) {\n    cy.log(itemPrice[i]);\n    itemsPriceTotal += Number(itemPrice[i]);\n  }\n  itemsTotal += itemsPriceTotal;\n  cy.log(`Non sale price items total: ${itemsPriceTotal}$`);\n});\ncy.get(\"@saleItemPrice\").then($linkText => {\n  let saleItemsPrice = 0;\n  let saleItemPrice = $linkText.split(\"$\");\n  for (let i = 0; i < saleItemPrice.length; i++) {\n    cy.log(saleItemPrice[i]);\n    saleItemsPrice += Number(saleItemPrice[i]);\n  }\n  itemsTotal += saleItemsPrice;\n  cy.log(`Sale price items total: ${saleItemsPrice}$`);\n}).then(() => {\n  cy.log(`The total price of all products: ${itemsTotal}`);\n  expect(itemsTotal).to.equal(648.5);\n});",
              "err": {},
              "uuid": "eb5940b4-0a2a-4a29-8a0a-7953648bdaa5",
              "parentUUID": "ad12cb50-90b5-4594-9f7e-ffa557ad66f8",
              "isHook": false,
              "skipped": false
            }
          ],
          "suites": [],
          "passes": [
            "eb5940b4-0a2a-4a29-8a0a-7953648bdaa5"
          ],
          "failures": [],
          "pending": [],
          "skipped": [],
          "duration": 2732,
          "root": false,
          "rootEmpty": false,
          "_timeout": 2000
        }
      ],
      "passes": [],
      "failures": [],
      "pending": [],
      "skipped": [],
      "duration": 0,
      "root": true,
      "rootEmpty": true,
      "_timeout": 2000
    },
    {
      "uuid": "7db32a72-673e-4ec2-81cc-844fad19e49b",
      "title": "",
      "fullFile": "cypress/integration/automation-test-store/contact-us.js",
      "file": "cypress/integration/automation-test-store/contact-us.js",
      "beforeHooks": [],
      "afterHooks": [],
      "tests": [],
      "suites": [
        {
          "uuid": "b22eb8ed-5b3b-4996-898d-70271e442136",
          "title": "Test Contact Us form via Automation Test Store",
          "fullFile": "",
          "file": "",
          "beforeHooks": [],
          "afterHooks": [],
          "tests": [
            {
              "title": "Should be able to submit a successful submition via contact us form",
              "fullTitle": "Test Contact Us form via Automation Test Store Should be able to submit a successful submition via contact us form",
              "timedOut": null,
              "duration": 4041,
              "state": "passed",
              "speed": "fast",
              "pass": true,
              "fail": false,
              "pending": false,
              "context": null,
              "code": "cy.visit(\"https://automationteststore.com/\");\ncy.get(\"a[href$='contact']\").click().then(linkText => {\n  cy.log(`Clicked on the Contact Us button ${linkText.text()}!!!`);\n});\ncy.get(\"@user\").then(user => {\n  cy.get(\"#ContactUsFrm_first_name\").type(user.first_name);\n  cy.get(\"#ContactUsFrm_email\").type(user.email);\n});\ncy.get(\"#ContactUsFrm_email\").should(\"have.attr\", \"name\", \"email\");\ncy.get(\"#ContactUsFrm_enquiry\").type(\"Just comment\");\ncy.get(\"button[title='Submit']\").click();\ncy.get(\".mb40 > :nth-child(3)\").should(\"have.text\", \"Your enquiry has been successfully sent to the store owner!\");",
              "err": {},
              "uuid": "b2d1b0e3-e709-451c-983c-073e9f936445",
              "parentUUID": "b22eb8ed-5b3b-4996-898d-70271e442136",
              "isHook": false,
              "skipped": false
            }
          ],
          "suites": [],
          "passes": [
            "b2d1b0e3-e709-451c-983c-073e9f936445"
          ],
          "failures": [],
          "pending": [],
          "skipped": [],
          "duration": 4041,
          "root": false,
          "rootEmpty": false,
          "_timeout": 2000
        }
      ],
      "passes": [],
      "failures": [],
      "pending": [],
      "skipped": [],
      "duration": 0,
      "root": true,
      "rootEmpty": true,
      "_timeout": 2000
    },
    {
      "uuid": "45489e1e-fe7e-4d9a-a3bd-35ec64a30373",
      "title": "",
      "fullFile": "cypress/integration/automation-test-store/inspect-item.js",
      "file": "cypress/integration/automation-test-store/inspect-item.js",
      "beforeHooks": [],
      "afterHooks": [],
      "tests": [],
      "suites": [
        {
          "uuid": "1f5d5b11-5615-4f39-b522-f271be6ea899",
          "title": "Test Contact Us form via Automation Test Store",
          "fullFile": "",
          "file": "",
          "beforeHooks": [],
          "afterHooks": [],
          "tests": [
            {
              "title": "Click on the forst item using item text",
              "fullTitle": "Test Contact Us form via Automation Test Store Click on the forst item using item text",
              "timedOut": null,
              "duration": 3018,
              "state": "passed",
              "speed": "fast",
              "pass": true,
              "fail": false,
              "pending": false,
              "context": null,
              "code": "cy.visit(\"https://automationteststore.com/\");\ncy.get(\".prdocutname\").contains(\"Skinsheen Bronzer Stick\").click();",
              "err": {},
              "uuid": "a7094bbb-5432-4fcc-b216-cf461a4897c4",
              "parentUUID": "1f5d5b11-5615-4f39-b522-f271be6ea899",
              "isHook": false,
              "skipped": false
            },
            {
              "title": "Click on the forst item using index",
              "fullTitle": "Test Contact Us form via Automation Test Store Click on the forst item using index",
              "timedOut": null,
              "duration": 1118,
              "state": "passed",
              "speed": "fast",
              "pass": true,
              "fail": false,
              "pending": false,
              "context": null,
              "code": "cy.visit(\"https://automationteststore.com/\");\ncy.get(\".fixed_wrapper\").find(\".prdocutname\").eq(0).click();",
              "err": {},
              "uuid": "0399f877-623c-4ad1-b80b-ef72cfd16f9e",
              "parentUUID": "1f5d5b11-5615-4f39-b522-f271be6ea899",
              "isHook": false,
              "skipped": false
            }
          ],
          "suites": [],
          "passes": [
            "a7094bbb-5432-4fcc-b216-cf461a4897c4",
            "0399f877-623c-4ad1-b80b-ef72cfd16f9e"
          ],
          "failures": [],
          "pending": [],
          "skipped": [],
          "duration": 4136,
          "root": false,
          "rootEmpty": false,
          "_timeout": 2000
        }
      ],
      "passes": [],
      "failures": [],
      "pending": [],
      "skipped": [],
      "duration": 0,
      "root": true,
      "rootEmpty": true,
      "_timeout": 2000
    },
    {
      "uuid": "98ce9738-e633-4011-8fff-5a513379810c",
      "title": "",
      "fullFile": "cypress/integration/automation-test-store/iterate-over-elements.js",
      "file": "cypress/integration/automation-test-store/iterate-over-elements.js",
      "beforeHooks": [],
      "afterHooks": [],
      "tests": [],
      "suites": [
        {
          "uuid": "3f540018-3838-4ab5-83e5-07d996124d41",
          "title": "VIterate over elements",
          "fullFile": "",
          "file": "",
          "beforeHooks": [],
          "afterHooks": [],
          "tests": [
            {
              "title": "Log information of all hair care products",
              "fullTitle": "VIterate over elements Log information of all hair care products",
              "timedOut": null,
              "duration": 2820,
              "state": "passed",
              "speed": "fast",
              "pass": true,
              "fail": false,
              "pending": false,
              "context": null,
              "code": "cy.get(\".fixed_wrapper .prdocutname\").each(($elem, index) => {\n  cy.log(`Index: ${index} , ${$elem.text()}`);\n});",
              "err": {},
              "uuid": "228a1513-3a7c-4969-82d8-7f337f840612",
              "parentUUID": "3f540018-3838-4ab5-83e5-07d996124d41",
              "isHook": false,
              "skipped": false
            },
            {
              "title": "Add specific product to basket",
              "fullTitle": "VIterate over elements Add specific product to basket",
              "timedOut": null,
              "duration": 1523,
              "state": "passed",
              "speed": "fast",
              "pass": true,
              "fail": false,
              "pending": false,
              "context": null,
              "code": "cy.selectProduct(\"Curls to straight Shampoo\");",
              "err": {},
              "uuid": "f8f2003e-be71-40e0-a22e-054452d9d744",
              "parentUUID": "3f540018-3838-4ab5-83e5-07d996124d41",
              "isHook": false,
              "skipped": false
            },
            {
              "title": "Add another specific product to basket",
              "fullTitle": "VIterate over elements Add another specific product to basket",
              "timedOut": null,
              "duration": 1806,
              "state": "passed",
              "speed": "fast",
              "pass": true,
              "fail": false,
              "pending": false,
              "context": null,
              "code": "cy.selectProduct(\"Eau Parfumee au The Vert Shampoo\");",
              "err": {},
              "uuid": "4d2b57a4-4559-4dab-b7f2-c85a550a823f",
              "parentUUID": "3f540018-3838-4ab5-83e5-07d996124d41",
              "isHook": false,
              "skipped": false
            },
            {
              "title": "Add second specific product to basket",
              "fullTitle": "VIterate over elements Add second specific product to basket",
              "timedOut": null,
              "duration": 1151,
              "state": "passed",
              "speed": "fast",
              "pass": true,
              "fail": false,
              "pending": false,
              "context": null,
              "code": "cy.selectProduct(\"Eau Parfumee au The Vert Shampoo\");",
              "err": {},
              "uuid": "4a61b67f-7b57-4b1e-901c-1fe52d517d43",
              "parentUUID": "3f540018-3838-4ab5-83e5-07d996124d41",
              "isHook": false,
              "skipped": false
            }
          ],
          "suites": [],
          "passes": [
            "228a1513-3a7c-4969-82d8-7f337f840612",
            "f8f2003e-be71-40e0-a22e-054452d9d744",
            "4d2b57a4-4559-4dab-b7f2-c85a550a823f",
            "4a61b67f-7b57-4b1e-901c-1fe52d517d43"
          ],
          "failures": [],
          "pending": [],
          "skipped": [],
          "duration": 7300,
          "root": false,
          "rootEmpty": false,
          "_timeout": 2000
        }
      ],
      "passes": [],
      "failures": [],
      "pending": [],
      "skipped": [],
      "duration": 0,
      "root": true,
      "rootEmpty": true,
      "_timeout": 2000
    },
    {
      "uuid": "1b6d4e79-ebf7-4edf-bd33-e409fa9e8716",
      "title": "",
      "fullFile": "cypress/integration/automation-test-store/variables-and-cy-commands.js",
      "file": "cypress/integration/automation-test-store/variables-and-cy-commands.js",
      "beforeHooks": [],
      "afterHooks": [],
      "tests": [],
      "suites": [
        {
          "uuid": "c9bf0cd8-0c6b-4a0e-b046-e0e444426470",
          "title": "Verify variables, cypress commands and jquery commands",
          "fullFile": "",
          "file": "",
          "beforeHooks": [],
          "afterHooks": [],
          "tests": [
            {
              "title": "Navigating to specific product pages",
              "fullTitle": "Verify variables, cypress commands and jquery commands Navigating to specific product pages",
              "timedOut": null,
              "duration": 3043,
              "state": "passed",
              "speed": "fast",
              "pass": true,
              "fail": false,
              "pending": false,
              "context": null,
              "code": "cy.visit(\"https://automationteststore.com/\");\ncy.get(\"a[href*='product/category&path=']\").contains(\"Makeup\").click();\ncy.get(\"h1 .maintext\").then($headerText => {\n  const headerText = $headerText.text();\n  cy.log(\"Found header text, \" + headerText);\n  expect(headerText).is.eq(\"Makeup\");\n});",
              "err": {},
              "uuid": "aefd6ac6-11ff-46a4-b129-c514eb2bf5b9",
              "parentUUID": "c9bf0cd8-0c6b-4a0e-b046-e0e444426470",
              "isHook": false,
              "skipped": false
            },
            {
              "title": "Navigating to specific product pages",
              "fullTitle": "Verify variables, cypress commands and jquery commands Navigating to specific product pages",
              "timedOut": null,
              "duration": 515,
              "state": "passed",
              "speed": "fast",
              "pass": true,
              "fail": false,
              "pending": false,
              "context": null,
              "code": "cy.visit(\"https://automationteststore.com/index.php?rt=content/contact\"); //Using cypress commands and chaining\ncy.contains(\"#ContactUsFrm\", \"Contact Us Form\").find(\"#field_11\").should(\"contain\", \"First name:\"); //JQuery Approach\ncy.contains(\"#ContactUsFrm\", \"Contact Us Form\").then(text => {\n  const firstNameText = text.find(\"#field_11\").text();\n  expect(firstNameText).to.contain(\"First name:\");\n});",
              "err": {},
              "uuid": "f777072c-2658-4a9b-8bd4-b82d455381c6",
              "parentUUID": "c9bf0cd8-0c6b-4a0e-b046-e0e444426470",
              "isHook": false,
              "skipped": false
            }
          ],
          "suites": [],
          "passes": [
            "aefd6ac6-11ff-46a4-b129-c514eb2bf5b9",
            "f777072c-2658-4a9b-8bd4-b82d455381c6"
          ],
          "failures": [],
          "pending": [],
          "skipped": [],
          "duration": 3558,
          "root": false,
          "rootEmpty": false,
          "_timeout": 2000
        }
      ],
      "passes": [],
      "failures": [],
      "pending": [],
      "skipped": [],
      "duration": 0,
      "root": true,
      "rootEmpty": true,
      "_timeout": 2000
    },
    {
      "uuid": "caee61c0-8488-4d1c-ae83-ccde53bfa823",
      "title": "",
      "fullFile": "cypress/integration/webdriver-uni/autocomplete-dropdown-list.js",
      "file": "cypress/integration/webdriver-uni/autocomplete-dropdown-list.js",
      "beforeHooks": [],
      "afterHooks": [],
      "tests": [],
      "suites": [
        {
          "uuid": "98c70618-9530-4fa6-a5eb-285d92d7eb85",
          "title": "Verify autocomplete dropdown lists via webdriveruni",
          "fullFile": "",
          "file": "",
          "beforeHooks": [],
          "afterHooks": [],
          "tests": [
            {
              "title": "Select specific product via autocomplete list",
              "fullTitle": "Verify autocomplete dropdown lists via webdriveruni Select specific product via autocomplete list",
              "timedOut": null,
              "duration": 3660,
              "state": "passed",
              "speed": "fast",
              "pass": true,
              "fail": false,
              "pending": false,
              "context": null,
              "code": "cy.visit(\"https://webdriveruniversity.com/\");\ncy.get(\"#autocomplete-textfield\").invoke(\"removeAttr\", \"target\").click();\ncy.get(\"#myInput\").type(\"A\");\ncy.get(\"#myInputautocomplete-list > *\").each($el => {\n  const prod = $el.text();\n  const productToSelect = \"Avacado\";\n  if (prod === productToSelect) {\n    $el.trigger(\"click\");\n    cy.get(\"#submit-button\").click();\n    cy.url().should(\"include\", productToSelect);\n  }\n}).then(() => {\n  cy.get(\"#myInput\").type(\"G\");\n  cy.get(\"#myInputautocomplete-list > *\").each($el => {\n    const prod = $el.text();\n    const productToSelect = \"Grapes\";\n    if (prod === productToSelect) {\n      $el.trigger(\"click\");\n      cy.get(\"#submit-button\").click();\n      cy.url().should(\"include\", productToSelect);\n    }\n  });\n});",
              "err": {},
              "uuid": "5f403a86-da20-41f5-b899-faf53cf97f6b",
              "parentUUID": "98c70618-9530-4fa6-a5eb-285d92d7eb85",
              "isHook": false,
              "skipped": false
            }
          ],
          "suites": [],
          "passes": [
            "5f403a86-da20-41f5-b899-faf53cf97f6b"
          ],
          "failures": [],
          "pending": [],
          "skipped": [],
          "duration": 3660,
          "root": false,
          "rootEmpty": false,
          "_timeout": 2000
        }
      ],
      "passes": [],
      "failures": [],
      "pending": [],
      "skipped": [],
      "duration": 0,
      "root": true,
      "rootEmpty": true,
      "_timeout": 2000
    },
    {
      "uuid": "a9a177bb-9c45-43c6-bff6-b527117bfd69",
      "title": "",
      "fullFile": "cypress/integration/webdriver-uni/browser-navigation.js",
      "file": "cypress/integration/webdriver-uni/browser-navigation.js",
      "beforeHooks": [],
      "afterHooks": [],
      "tests": [],
      "suites": [
        {
          "uuid": "c9be358c-ceae-44bb-8480-14363d76088f",
          "title": "Validate webdriveruni homepage links",
          "fullFile": "",
          "file": "",
          "beforeHooks": [],
          "afterHooks": [],
          "tests": [
            {
              "title": "COnfirm links redirect to the correct page",
              "fullTitle": "Validate webdriveruni homepage links COnfirm links redirect to the correct page",
              "timedOut": null,
              "duration": 3469,
              "state": "passed",
              "speed": "fast",
              "pass": true,
              "fail": false,
              "pending": false,
              "context": null,
              "code": "//  cy.visit(\"https://webdriveruniversity.com/Contact-Us/contactus.html\");\ncy.visit(\"https://webdriveruniversity.com/\");\ncy.get(\"#contact-us\").invoke(\"removeAttr\", \"target\").click(); // \"Section 28: Child Windows\"\ncy.url().should(\"include\", \"contactus\");\ncy.go(\"back\");\ncy.url().should(\"include\", \"https://webdriveruniversity.com/\");\ncy.go(\"forward\");\ncy.url().should(\"include\", \"contactus\");\ncy.go(\"back\");\ncy.url().should(\"include\", \"https://webdriveruniversity.com/\"); // Verify to do list url\ncy.get(\"#to-do-list\").invoke(\"removeAttr\", \"target\").click();\ncy.url().should(\"include\", \"To-Do-List\");",
              "err": {},
              "uuid": "e666dab5-3ebe-4ece-bb76-2fdb0afaefcb",
              "parentUUID": "c9be358c-ceae-44bb-8480-14363d76088f",
              "isHook": false,
              "skipped": false
            }
          ],
          "suites": [],
          "passes": [
            "e666dab5-3ebe-4ece-bb76-2fdb0afaefcb"
          ],
          "failures": [],
          "pending": [],
          "skipped": [],
          "duration": 3469,
          "root": false,
          "rootEmpty": false,
          "_timeout": 2000
        }
      ],
      "passes": [],
      "failures": [],
      "pending": [],
      "skipped": [],
      "duration": 0,
      "root": true,
      "rootEmpty": true,
      "_timeout": 2000
    },
    {
      "uuid": "69fefea3-de65-4b81-a883-382a5fc361af",
      "title": "",
      "fullFile": "cypress/integration/webdriver-uni/checkboxes.js",
      "file": "cypress/integration/webdriver-uni/checkboxes.js",
      "beforeHooks": [],
      "afterHooks": [],
      "tests": [],
      "suites": [
        {
          "uuid": "dbf5aab0-77da-4365-a6ce-6003092771ab",
          "title": "Verify checkboxes via webdriveruni",
          "fullFile": "",
          "file": "",
          "beforeHooks": [],
          "afterHooks": [],
          "tests": [
            {
              "title": "Check and validate checkbox",
              "fullTitle": "Verify checkboxes via webdriveruni Check and validate checkbox",
              "timedOut": null,
              "duration": 2128,
              "state": "passed",
              "speed": "fast",
              "pass": true,
              "fail": false,
              "pending": false,
              "context": null,
              "code": "cy.get(\"#checkboxes > :nth-child(1) > input\").as(\"option-1\");\ncy.get(\"@option-1\").check();",
              "err": {},
              "uuid": "28037490-39e7-4692-ac34-9d4036f0773d",
              "parentUUID": "dbf5aab0-77da-4365-a6ce-6003092771ab",
              "isHook": false,
              "skipped": false
            },
            {
              "title": "Uncheck and validate checkbox",
              "fullTitle": "Verify checkboxes via webdriveruni Uncheck and validate checkbox",
              "timedOut": null,
              "duration": 563,
              "state": "passed",
              "speed": "fast",
              "pass": true,
              "fail": false,
              "pending": false,
              "context": null,
              "code": "cy.get(\"#checkboxes > :nth-child(5) > input\").as(\"option-3\");\ncy.pause();\ncy.get(\"@option-3\").should(\"be.checked\");\ncy.get(\"@option-3\").uncheck();\ncy.get(\"@option-3\").should(\"not.be.checked\");",
              "err": {},
              "uuid": "83d9fea6-456b-4d4b-851b-3540fb0e7a00",
              "parentUUID": "dbf5aab0-77da-4365-a6ce-6003092771ab",
              "isHook": false,
              "skipped": false
            },
            {
              "title": "Uncheck multiple checkboxes",
              "fullTitle": "Verify checkboxes via webdriveruni Uncheck multiple checkboxes",
              "timedOut": null,
              "duration": 745,
              "state": "passed",
              "speed": "fast",
              "pass": true,
              "fail": false,
              "pending": false,
              "context": null,
              "code": "// my solution\ncy.get(\"input[type='checkbox']\").as(\"checkboxes\");\ncy.get(\"@checkboxes\").each(elem => {\n  cy.wrap(elem).check().should(\"be.checked\");\n});\ncy.get(\"input[type='checkbox']\").check([\"option-1\", \"option-2\", \"option-3\", \"option-4\"]).should(\"be.checked\");",
              "err": {},
              "uuid": "40d67b4e-6c5e-4eb6-b049-842d526b16ae",
              "parentUUID": "dbf5aab0-77da-4365-a6ce-6003092771ab",
              "isHook": false,
              "skipped": false
            }
          ],
          "suites": [],
          "passes": [
            "28037490-39e7-4692-ac34-9d4036f0773d",
            "83d9fea6-456b-4d4b-851b-3540fb0e7a00",
            "40d67b4e-6c5e-4eb6-b049-842d526b16ae"
          ],
          "failures": [],
          "pending": [],
          "skipped": [],
          "duration": 3436,
          "root": false,
          "rootEmpty": false,
          "_timeout": 2000
        }
      ],
      "passes": [],
      "failures": [],
      "pending": [],
      "skipped": [],
      "duration": 0,
      "root": true,
      "rootEmpty": true,
      "_timeout": 2000
    },
    {
      "uuid": "e5c67247-5bf8-4e22-b8e5-56b163c9b709",
      "title": "",
      "fullFile": "cypress/integration/webdriver-uni/contact-us.js",
      "file": "cypress/integration/webdriver-uni/contact-us.js",
      "beforeHooks": [],
      "afterHooks": [],
      "tests": [],
      "suites": [
        {
          "uuid": "1d3fdec0-aa18-4bb7-9cb2-a164f7b63833",
          "title": "Test Contact Us form WebdriverUni",
          "fullFile": "",
          "file": "",
          "beforeHooks": [],
          "afterHooks": [],
          "tests": [
            {
              "title": "Should be able to submit a successful submition via contact us form",
              "fullTitle": "Test Contact Us form WebdriverUni Should be able to submit a successful submition via contact us form",
              "timedOut": null,
              "duration": 13877,
              "state": "failed",
              "speed": null,
              "pass": false,
              "fail": true,
              "pending": false,
              "context": null,
              "code": "cy.document().should(\"have.property\", \"charset\").and(\"eq\", \"UTF-8\");\ncy.title().should(\"include\", \"WebDriver | Contact Us\");\ncy.url().should(\"include\", \"contactus\");\n_ContactUs_PO.default.contactForm_Submission(Cypress.env(\"first_name\"), data.last_name, data.user_email, data.comment, \"h1\", data.success_message);",
              "err": {
                "message": "AssertionError: Timed out retrying after 10000ms: Expected to find content: 'Thank You for your Message!s' within the element: <h1> but never did.",
                "estack": "AssertionError: Timed out retrying after 10000ms: Expected to find content: 'Thank You for your Message!s' within the element: <h1> but never did.\n    at ContactUs_PO.contactForm_Submission (https://webdriveruniversity.com/__cypress/tests?p=cypress/integration/webdriver-uni/contact-us.js:178:23)\n    at Context.eval (https://webdriveruniversity.com/__cypress/tests?p=cypress/integration/webdriver-uni/contact-us.js:147:27)",
                "diff": null
              },
              "uuid": "e3b86568-bfe5-44ae-8725-d0a682eac7af",
              "parentUUID": "1d3fdec0-aa18-4bb7-9cb2-a164f7b63833",
              "isHook": false,
              "skipped": false
            },
            {
              "title": "Should not be able to submit a successful submition via contact us form as all fields are required",
              "fullTitle": "Test Contact Us form WebdriverUni Should not be able to submit a successful submition via contact us form as all fields are required",
              "timedOut": null,
              "duration": 12663,
              "state": "failed",
              "speed": null,
              "pass": false,
              "fail": true,
              "pending": false,
              "context": null,
              "code": "_ContactUs_PO.default.contactForm_Submission(data.first_name, data.last_name, \" \", data.comment, \"body\", data.invalid_email_message);",
              "err": {
                "message": "AssertionError: Timed out retrying after 10000ms: Expected to find content: 'Error: Invalid email addresss' within the element: <body> but never did.",
                "estack": "AssertionError: Timed out retrying after 10000ms: Expected to find content: 'Error: Invalid email addresss' within the element: <body> but never did.\n    at ContactUs_PO.contactForm_Submission (https://webdriveruniversity.com/__cypress/tests?p=cypress/integration/webdriver-uni/contact-us.js:178:23)\n    at Context.eval (https://webdriveruniversity.com/__cypress/tests?p=cypress/integration/webdriver-uni/contact-us.js:150:27)",
                "diff": null
              },
              "uuid": "d3fcc806-9204-4790-affe-df9990fda34f",
              "parentUUID": "1d3fdec0-aa18-4bb7-9cb2-a164f7b63833",
              "isHook": false,
              "skipped": false
            }
          ],
          "suites": [],
          "passes": [],
          "failures": [
            "e3b86568-bfe5-44ae-8725-d0a682eac7af",
            "d3fcc806-9204-4790-affe-df9990fda34f"
          ],
          "pending": [],
          "skipped": [],
          "duration": 26540,
          "root": false,
          "rootEmpty": false,
          "_timeout": 2000
        }
      ],
      "passes": [],
      "failures": [],
      "pending": [],
      "skipped": [],
      "duration": 0,
      "root": true,
      "rootEmpty": true,
      "_timeout": 2000
    },
    {
      "uuid": "941c8a6f-e9f1-41a7-a2ee-eaffcc30176a",
      "title": "",
      "fullFile": "cypress/integration/webdriver-uni/data-tables.js",
      "file": "cypress/integration/webdriver-uni/data-tables.js",
      "beforeHooks": [],
      "afterHooks": [],
      "tests": [],
      "suites": [
        {
          "uuid": "0d29b46d-d5bf-4463-882a-1aff6c270d8f",
          "title": "Handaling data via webdriveruni",
          "fullFile": "",
          "file": "",
          "beforeHooks": [],
          "afterHooks": [],
          "tests": [
            {
              "title": "Calculate and assert the age of a given user based last name",
              "fullTitle": "Handaling data via webdriveruni Calculate and assert the age of a given user based last name",
              "timedOut": null,
              "duration": 1584,
              "state": "passed",
              "speed": "fast",
              "pass": true,
              "fail": false,
              "pending": false,
              "context": null,
              "code": "cy.get(\"#thumbnail-1 tr td:nth-child(2)\").each(($elem, index) => {\n  const text = $elem.text();\n  cy.log(text);\n  if (text.includes(\"Woods\")) {\n    cy.get(\"#thumbnail-1 tr td:nth-child(2)\").eq(index).next().then(age => {\n      const userAge = age.text();\n      expect(userAge).to.equal(\"80\");\n    });\n  }\n});",
              "err": {},
              "uuid": "8d09bf7c-22c8-438b-b109-82dc92bed706",
              "parentUUID": "0d29b46d-d5bf-4463-882a-1aff6c270d8f",
              "isHook": false,
              "skipped": false
            }
          ],
          "suites": [],
          "passes": [
            "8d09bf7c-22c8-438b-b109-82dc92bed706"
          ],
          "failures": [],
          "pending": [],
          "skipped": [],
          "duration": 1584,
          "root": false,
          "rootEmpty": false,
          "_timeout": 2000
        }
      ],
      "passes": [],
      "failures": [],
      "pending": [],
      "skipped": [],
      "duration": 0,
      "root": true,
      "rootEmpty": true,
      "_timeout": 2000
    },
    {
      "uuid": "95946fd7-8e4f-48e1-ac1c-d0c1ef721258",
      "title": "",
      "fullFile": "cypress/integration/webdriver-uni/datepicker.js",
      "file": "cypress/integration/webdriver-uni/datepicker.js",
      "beforeHooks": [],
      "afterHooks": [],
      "tests": [],
      "suites": [
        {
          "uuid": "cd534183-b2e3-47e2-9b04-96cfb1969b03",
          "title": "Test Datepicker via webdriveruni",
          "fullFile": "",
          "file": "",
          "beforeHooks": [],
          "afterHooks": [],
          "tests": [
            {
              "title": "Select date from the datepicker",
              "fullTitle": "Test Datepicker via webdriveruni Select date from the datepicker",
              "timedOut": null,
              "duration": 5115,
              "state": "passed",
              "speed": "medium",
              "pass": true,
              "fail": false,
              "pending": false,
              "context": null,
              "code": "// let date2 = new Date();\n// date2.setDate(date2.getDate() + 5); //get current day\n// cy.log(date2.getDate());\nvar date = new Date();\ndate.setDate(date.getDate() + 400);\nvar futureYear = date.getFullYear();\nvar futureMonth = date.toLocaleString(\"default\", {\n  month: \"long\"\n});\nvar futureDay = date.getDate();\ncy.log(\"Future year to select: \" + futureYear);\ncy.log(\"Future month to select: \" + futureMonth);\ncy.log(\"Future day to select: \" + futureDay);\nfunction selectMonthAndYear() {\n  cy.get(\".datepicker-dropdown\").find(\".datepicker-switch\").first().then(currentDate => {\n    if (!currentDate.text().includes(futureYear)) {\n      cy.get(\".next\").first().click();\n      selectMonthAndYear();\n    }\n  }).then(() => {\n    cy.get(\".datepicker-dropdown\").find(\".datepicker-switch\").first().then(currentDate => {\n      if (!currentDate.text().includes(futureMonth)) {\n        cy.get(\".next\").first().click();\n        selectMonthAndYear();\n      }\n    });\n  });\n}\nfunction selectFutureDay() {\n  cy.get('[class=\"day\"]').contains(futureDay).click();\n}\nselectMonthAndYear();\nselectFutureDay();",
              "err": {},
              "uuid": "e2fa29c7-b635-432c-8c92-079253b74711",
              "parentUUID": "cd534183-b2e3-47e2-9b04-96cfb1969b03",
              "isHook": false,
              "skipped": false
            }
          ],
          "suites": [],
          "passes": [
            "e2fa29c7-b635-432c-8c92-079253b74711"
          ],
          "failures": [],
          "pending": [],
          "skipped": [],
          "duration": 5115,
          "root": false,
          "rootEmpty": false,
          "_timeout": 2000
        }
      ],
      "passes": [],
      "failures": [],
      "pending": [],
      "skipped": [],
      "duration": 0,
      "root": true,
      "rootEmpty": true,
      "_timeout": 2000
    },
    {
      "uuid": "a83cdf6b-9a66-4497-9e94-921754f6f0d5",
      "title": "",
      "fullFile": "cypress/integration/webdriver-uni/file-upload.js",
      "file": "cypress/integration/webdriver-uni/file-upload.js",
      "beforeHooks": [],
      "afterHooks": [],
      "tests": [],
      "suites": [
        {
          "uuid": "8d92aeba-9731-49f2-bb66-92405c9392f0",
          "title": "Test file upload via webdriveruni",
          "fullFile": "",
          "file": "",
          "beforeHooks": [],
          "afterHooks": [],
          "tests": [
            {
              "title": "Upload a file....",
              "fullTitle": "Test file upload via webdriveruni Upload a file....",
              "timedOut": null,
              "duration": 2092,
              "state": "passed",
              "speed": "fast",
              "pass": true,
              "fail": false,
              "pending": false,
              "context": null,
              "code": "//  cy.visit(\"https://webdriveruniversity.com/Contact-Us/contactus.html\");\ncy.visit(\"https://webdriveruniversity.com/\");\ncy.get(\"#file-upload\").invoke(\"removeAttr\", \"target\").click(); // \"Section 28: Child Windows\"\ncy.fixture(\"macbook.jpg\", \"base64\").then(fileContent => {\n  cy.get(\"#myFile\").attachFile({\n    fileContent,\n    fileName: \"macbook.jpg\",\n    mimeType: \"image/jpg\"\n  }, {\n    uploadType: \"input\"\n  });\n});\ncy.get(\"#submit-button\").click();",
              "err": {},
              "uuid": "e07e636b-6774-4080-aa36-14f5e52a94ed",
              "parentUUID": "8d92aeba-9731-49f2-bb66-92405c9392f0",
              "isHook": false,
              "skipped": false
            },
            {
              "title": "Upload no file....",
              "fullTitle": "Test file upload via webdriveruni Upload no file....",
              "timedOut": null,
              "duration": 575,
              "state": "passed",
              "speed": "fast",
              "pass": true,
              "fail": false,
              "pending": false,
              "context": null,
              "code": "//  cy.visit(\"https://webdriveruniversity.com/Contact-Us/contactus.html\");\ncy.visit(\"https://webdriveruniversity.com/\");\ncy.get(\"#file-upload\").invoke(\"removeAttr\", \"target\").click(); // \"Section 28: Child Windows\"\ncy.get(\"#submit-button\").click();",
              "err": {},
              "uuid": "269278fb-5dc5-465c-a555-86049fb05661",
              "parentUUID": "8d92aeba-9731-49f2-bb66-92405c9392f0",
              "isHook": false,
              "skipped": false
            }
          ],
          "suites": [],
          "passes": [
            "e07e636b-6774-4080-aa36-14f5e52a94ed",
            "269278fb-5dc5-465c-a555-86049fb05661"
          ],
          "failures": [],
          "pending": [],
          "skipped": [],
          "duration": 2667,
          "root": false,
          "rootEmpty": false,
          "_timeout": 2000
        }
      ],
      "passes": [],
      "failures": [],
      "pending": [],
      "skipped": [],
      "duration": 0,
      "root": true,
      "rootEmpty": true,
      "_timeout": 2000
    },
    {
      "uuid": "17b0cc4a-345d-45f5-8559-1ad7d361c34b",
      "title": "",
      "fullFile": "cypress/integration/webdriver-uni/iframe.js",
      "file": "cypress/integration/webdriver-uni/iframe.js",
      "beforeHooks": [],
      "afterHooks": [],
      "tests": [],
      "suites": [
        {
          "uuid": "c94835db-f7f9-439e-90b4-344448faa84c",
          "title": "Handling IFrame & Modals",
          "fullFile": "",
          "file": "",
          "beforeHooks": [],
          "afterHooks": [],
          "tests": [
            {
              "title": "Handle webdriveruni iframe and  modal",
              "fullTitle": "Handling IFrame & Modals Handle webdriveruni iframe and  modal",
              "timedOut": null,
              "duration": 2737,
              "state": "passed",
              "speed": "fast",
              "pass": true,
              "fail": false,
              "pending": false,
              "context": null,
              "code": "//  cy.visit(\"https://webdriveruniversity.com/Contact-Us/contactus.html\");\ncy.visit(\"https://webdriveruniversity.com/\");\ncy.get(\"#iframe\").invoke(\"removeAttr\", \"target\").click(); // \"Section 28: Child Windows\"\ncy.get(\"#frame\").then($iframe => {\n  const body = $iframe.contents().find(\"body\");\n  cy.wrap(body).as(\"iframe\");\n});\ncy.get(\"@iframe\").find(\"#button-find-out-more\").click();\ncy.get(\"@iframe\").find(\"#myModal\").as(\"modal\");\ncy.get(\"@modal\").should($expectedText => {\n  const text = $expectedText.text();\n  expect(text).to.include(\"Welcome to webdriveruniversity.com we sell a wide range of electrical goods such as laptops, game consoles, cameras...\");\n});\ncy.get(\"@modal\").contains(\"Close\").click();",
              "err": {},
              "uuid": "3d67b5d2-97a2-467f-b787-9c56931a4d97",
              "parentUUID": "c94835db-f7f9-439e-90b4-344448faa84c",
              "isHook": false,
              "skipped": false
            }
          ],
          "suites": [],
          "passes": [
            "3d67b5d2-97a2-467f-b787-9c56931a4d97"
          ],
          "failures": [],
          "pending": [],
          "skipped": [],
          "duration": 2737,
          "root": false,
          "rootEmpty": false,
          "_timeout": 2000
        }
      ],
      "passes": [],
      "failures": [],
      "pending": [],
      "skipped": [],
      "duration": 0,
      "root": true,
      "rootEmpty": true,
      "_timeout": 2000
    },
    {
      "uuid": "386e12a9-91f6-40fd-9ac7-19a71a783ed1",
      "title": "",
      "fullFile": "cypress/integration/webdriver-uni/js-alerts.js",
      "file": "cypress/integration/webdriver-uni/js-alerts.js",
      "beforeHooks": [],
      "afterHooks": [],
      "tests": [],
      "suites": [
        {
          "uuid": "0a64a9df-26d8-4e2a-b0b4-c2c1e36a6a76",
          "title": "Handle js alerts",
          "fullFile": "",
          "file": "",
          "beforeHooks": [],
          "afterHooks": [],
          "tests": [
            {
              "title": "Confirm js alert contains the correct text",
              "fullTitle": "Handle js alerts Confirm js alert contains the correct text",
              "timedOut": null,
              "duration": 2152,
              "state": "passed",
              "speed": "fast",
              "pass": true,
              "fail": false,
              "pending": false,
              "context": null,
              "code": "cy.visit(\"https://webdriveruniversity.com/\");\ncy.get(\"#popup-alerts\").invoke(\"removeAttr\", \"target\").click();\ncy.get(\"#button1\").click();\ncy.on(\"window:alert\", str => {\n  expect(str).to.equal(\"I am an alert box!\");\n});",
              "err": {},
              "uuid": "22ed47c4-a843-46f0-8b55-62e406ad8a57",
              "parentUUID": "0a64a9df-26d8-4e2a-b0b4-c2c1e36a6a76",
              "isHook": false,
              "skipped": false
            },
            {
              "title": "Validate js confirm alert box works correctly when clicking ok!",
              "fullTitle": "Handle js alerts Validate js confirm alert box works correctly when clicking ok!",
              "timedOut": null,
              "duration": 525,
              "state": "passed",
              "speed": "fast",
              "pass": true,
              "fail": false,
              "pending": false,
              "context": null,
              "code": "cy.visit(\"https://webdriveruniversity.com/\");\ncy.get(\"#popup-alerts\").invoke(\"removeAttr\", \"target\").click();\ncy.get(\"#button4\").click();\ncy.on(\"window:confirm\", str => {\n  return true;\n});\ncy.get(\"#confirm-alert-text\").contains(\"You pressed OK!\");",
              "err": {},
              "uuid": "91eb9708-30b6-4052-b8fc-228d01b3f65c",
              "parentUUID": "0a64a9df-26d8-4e2a-b0b4-c2c1e36a6a76",
              "isHook": false,
              "skipped": false
            },
            {
              "title": "Validate js confirm alert box works correctly when clicking cancle!",
              "fullTitle": "Handle js alerts Validate js confirm alert box works correctly when clicking cancle!",
              "timedOut": null,
              "duration": 639,
              "state": "passed",
              "speed": "fast",
              "pass": true,
              "fail": false,
              "pending": false,
              "context": null,
              "code": "cy.visit(\"https://webdriveruniversity.com/\");\ncy.get(\"#popup-alerts\").invoke(\"removeAttr\", \"target\").click();\ncy.get(\"#button4\").click();\ncy.on(\"window:confirm\", str => {\n  return false;\n});\ncy.get(\"#confirm-alert-text\").contains(\"You pressed Cancel!\");",
              "err": {},
              "uuid": "1c1ef006-d8c8-42f2-9816-d343e1be24c8",
              "parentUUID": "0a64a9df-26d8-4e2a-b0b4-c2c1e36a6a76",
              "isHook": false,
              "skipped": false
            },
            {
              "title": "Validate js confirm alert box works using a stub",
              "fullTitle": "Handle js alerts Validate js confirm alert box works using a stub",
              "timedOut": null,
              "duration": 564,
              "state": "passed",
              "speed": "fast",
              "pass": true,
              "fail": false,
              "pending": false,
              "context": null,
              "code": "cy.visit(\"https://webdriveruniversity.com/\");\ncy.get(\"#popup-alerts\").invoke(\"removeAttr\", \"target\").click();\nconst stub = cy.stub();\ncy.on(\"window:confirm\", stub);\ncy.get(\"#button4\").click().then(() => {\n  expect(stub.getCall(0)).to.be.calledWith(\"Press a button!\");\n}).then(() => {\n  return true;\n}).then(() => {\n  cy.get(\"#confirm-alert-text\").contains(\"You pressed OK!\");\n});",
              "err": {},
              "uuid": "d89005a2-71d4-4079-a0ba-6d2080d16fea",
              "parentUUID": "0a64a9df-26d8-4e2a-b0b4-c2c1e36a6a76",
              "isHook": false,
              "skipped": false
            }
          ],
          "suites": [],
          "passes": [
            "22ed47c4-a843-46f0-8b55-62e406ad8a57",
            "91eb9708-30b6-4052-b8fc-228d01b3f65c",
            "1c1ef006-d8c8-42f2-9816-d343e1be24c8",
            "d89005a2-71d4-4079-a0ba-6d2080d16fea"
          ],
          "failures": [],
          "pending": [],
          "skipped": [],
          "duration": 3880,
          "root": false,
          "rootEmpty": false,
          "_timeout": 2000
        }
      ],
      "passes": [],
      "failures": [],
      "pending": [],
      "skipped": [],
      "duration": 0,
      "root": true,
      "rootEmpty": true,
      "_timeout": 2000
    },
    {
      "uuid": "9503880f-ebe0-444b-b5b7-1a1ed206767b",
      "title": "",
      "fullFile": "cypress/integration/webdriver-uni/mouse-actions.js",
      "file": "cypress/integration/webdriver-uni/mouse-actions.js",
      "beforeHooks": [],
      "afterHooks": [],
      "tests": [],
      "suites": [
        {
          "uuid": "3c5e3687-8725-47b7-b5eb-b56dfb9fb917",
          "title": "Test mouse actions",
          "fullFile": "",
          "file": "",
          "beforeHooks": [],
          "afterHooks": [],
          "tests": [
            {
              "title": "Scroll element into view",
              "fullTitle": "Test mouse actions Scroll element into view",
              "timedOut": null,
              "duration": 1450,
              "state": "passed",
              "speed": "fast",
              "pass": true,
              "fail": false,
              "pending": false,
              "context": null,
              "code": "cy.visit(\"https://webdriveruniversity.com/\");\ncy.get(\"#actions\").scrollIntoView().invoke(\"removeAttr\", \"target\").click();",
              "err": {},
              "uuid": "08db776c-0ed8-47a1-a63c-b676a988ccf9",
              "parentUUID": "3c5e3687-8725-47b7-b5eb-b56dfb9fb917",
              "isHook": false,
              "skipped": false
            },
            {
              "title": "I should be able to drag and drop a draggable item",
              "fullTitle": "Test mouse actions I should be able to drag and drop a draggable item",
              "timedOut": null,
              "duration": 565,
              "state": "passed",
              "speed": "fast",
              "pass": true,
              "fail": false,
              "pending": false,
              "context": null,
              "code": "cy.visit(\"https://webdriveruniversity.com/\");\ncy.get(\"#actions\").scrollIntoView().invoke(\"removeAttr\", \"target\").click();\ncy.get(\"#draggable\").trigger(\"mousedown\", {\n  which: 1\n});\ncy.get(\"#droppable\").trigger(\"mousemove\").trigger(\"mouseup\", {\n  force: true\n});",
              "err": {},
              "uuid": "a919820b-b03c-4411-ad1d-85becf0e1700",
              "parentUUID": "3c5e3687-8725-47b7-b5eb-b56dfb9fb917",
              "isHook": false,
              "skipped": false
            },
            {
              "title": "I should be able to perform a double mouse click",
              "fullTitle": "Test mouse actions I should be able to perform a double mouse click",
              "timedOut": null,
              "duration": 520,
              "state": "passed",
              "speed": "fast",
              "pass": true,
              "fail": false,
              "pending": false,
              "context": null,
              "code": "cy.visit(\"https://webdriveruniversity.com/\");\ncy.get(\"#actions\").scrollIntoView().invoke(\"removeAttr\", \"target\").click();\ncy.get(\"#double-click\").dblclick();",
              "err": {},
              "uuid": "3b800a4f-5ea6-4862-8a4f-10cecfb8263c",
              "parentUUID": "3c5e3687-8725-47b7-b5eb-b56dfb9fb917",
              "isHook": false,
              "skipped": false
            },
            {
              "title": "I should be able hold down the left mouse click button on a given element",
              "fullTitle": "Test mouse actions I should be able hold down the left mouse click button on a given element",
              "timedOut": null,
              "duration": 496,
              "state": "passed",
              "speed": "fast",
              "pass": true,
              "fail": false,
              "pending": false,
              "context": null,
              "code": "cy.visit(\"https://webdriveruniversity.com/\");\ncy.get(\"#actions\").scrollIntoView().invoke(\"removeAttr\", \"target\").click();\ncy.get(\"#click-box\").trigger(\"mousedown\", {\n  which: 1\n}).then($elem => {\n  expect($elem).to.have.css(\"background-color\", \"rgb(0, 255, 0)\");\n});",
              "err": {},
              "uuid": "be585297-3974-405d-afa6-6068e6855a0c",
              "parentUUID": "3c5e3687-8725-47b7-b5eb-b56dfb9fb917",
              "isHook": false,
              "skipped": false
            }
          ],
          "suites": [],
          "passes": [
            "08db776c-0ed8-47a1-a63c-b676a988ccf9",
            "a919820b-b03c-4411-ad1d-85becf0e1700",
            "3b800a4f-5ea6-4862-8a4f-10cecfb8263c",
            "be585297-3974-405d-afa6-6068e6855a0c"
          ],
          "failures": [],
          "pending": [],
          "skipped": [],
          "duration": 3031,
          "root": false,
          "rootEmpty": false,
          "_timeout": 2000
        }
      ],
      "passes": [],
      "failures": [],
      "pending": [],
      "skipped": [],
      "duration": 0,
      "root": true,
      "rootEmpty": true,
      "_timeout": 2000
    },
    {
      "uuid": "c5a81f90-731f-42fa-b7cd-97ca425abf48",
      "title": "",
      "fullFile": "cypress/integration/webdriver-uni/radio-buttons.js",
      "file": "cypress/integration/webdriver-uni/radio-buttons.js",
      "beforeHooks": [],
      "afterHooks": [],
      "tests": [],
      "suites": [
        {
          "uuid": "0b1123c9-9a2d-4f24-a830-0f2013147ed0",
          "title": "Verify radio buttons via webdriveruni",
          "fullFile": "",
          "file": "",
          "beforeHooks": [],
          "afterHooks": [],
          "tests": [
            {
              "title": "Check specific radio buttons",
              "fullTitle": "Verify radio buttons via webdriveruni Check specific radio buttons",
              "timedOut": null,
              "duration": 2001,
              "state": "passed",
              "speed": "fast",
              "pass": true,
              "fail": false,
              "pending": false,
              "context": null,
              "code": "cy.get(\"#radio-buttons\").find(\"input[type='radio']\").first().check();\ncy.get(\"#radio-buttons\").find(\"input[type='radio']\").eq(1).check();",
              "err": {},
              "uuid": "89488842-2987-46fe-8b11-e37e7c618b76",
              "parentUUID": "0b1123c9-9a2d-4f24-a830-0f2013147ed0",
              "isHook": false,
              "skipped": false
            },
            {
              "title": "Validate the states of specific radio buttons",
              "fullTitle": "Verify radio buttons via webdriveruni Validate the states of specific radio buttons",
              "timedOut": null,
              "duration": 220,
              "state": "passed",
              "speed": "fast",
              "pass": true,
              "fail": false,
              "pending": false,
              "context": null,
              "code": "cy.get(\"[value='lettuce']\").should(\"not.be.checked\");\ncy.get(\"[value='pumpkin']\").should(\"be.checked\");\ncy.get(\"[value='lettuce']\").check();\ncy.get(\"[value='lettuce']\").should(\"be.checked\");\ncy.get(\"[value='pumpkin']\").should(\"not.be.checked\");\ncy.get(\"[value='cabbage']\").should(\"be.disabled\");",
              "err": {},
              "uuid": "9df34d00-ddc5-44a1-86e0-699876a148c9",
              "parentUUID": "0b1123c9-9a2d-4f24-a830-0f2013147ed0",
              "isHook": false,
              "skipped": false
            }
          ],
          "suites": [],
          "passes": [
            "89488842-2987-46fe-8b11-e37e7c618b76",
            "9df34d00-ddc5-44a1-86e0-699876a148c9"
          ],
          "failures": [],
          "pending": [],
          "skipped": [],
          "duration": 2221,
          "root": false,
          "rootEmpty": false,
          "_timeout": 2000
        }
      ],
      "passes": [],
      "failures": [],
      "pending": [],
      "skipped": [],
      "duration": 0,
      "root": true,
      "rootEmpty": true,
      "_timeout": 2000
    },
    {
      "uuid": "326c3dc9-b816-40e5-bbe6-f4d5db244e5b",
      "title": "",
      "fullFile": "cypress/integration/webdriver-uni/select-dropdown-list.js",
      "file": "cypress/integration/webdriver-uni/select-dropdown-list.js",
      "beforeHooks": [],
      "afterHooks": [],
      "tests": [],
      "suites": [
        {
          "uuid": "c8123ea7-50bf-4926-919a-04f5c0e8a821",
          "title": "Verify radio buttons via webdriveruni",
          "fullFile": "",
          "file": "",
          "beforeHooks": [],
          "afterHooks": [],
          "tests": [
            {
              "title": "Check specific radio buttons",
              "fullTitle": "Verify radio buttons via webdriveruni Check specific radio buttons",
              "timedOut": null,
              "duration": 2268,
              "state": "passed",
              "speed": "fast",
              "pass": true,
              "fail": false,
              "pending": false,
              "context": null,
              "code": "cy.visit(\"https://webdriveruniversity.com/\");\ncy.get(\"#dropdown-checkboxes-radiobuttons\").invoke(\"removeAttr\", \"target\").click(); // \"Section 28: Child Windows\"\ncy.get(\"#dropdowm-menu-1\").select(\"c#\");\ncy.get(\"#dropdowm-menu-2\").select(\"testng\").should(\"have.value\", \"testng\");\ncy.get(\"#dropdowm-menu-3\").select(\"javascript\").contains(\"JavaScript\");\ncy.get(\"#dropdowm-menu-2\").select(\"maven\").should(\"have.value\", \"maven\");\ncy.get(\"#dropdowm-menu-2\").select(\"TestNG\").contains(\"TestNG\");",
              "err": {},
              "uuid": "5e336e03-75e2-45d5-97e4-84084c26974d",
              "parentUUID": "c8123ea7-50bf-4926-919a-04f5c0e8a821",
              "isHook": false,
              "skipped": false
            }
          ],
          "suites": [],
          "passes": [
            "5e336e03-75e2-45d5-97e4-84084c26974d"
          ],
          "failures": [],
          "pending": [],
          "skipped": [],
          "duration": 2268,
          "root": false,
          "rootEmpty": false,
          "_timeout": 2000
        }
      ],
      "passes": [],
      "failures": [],
      "pending": [],
      "skipped": [],
      "duration": 0,
      "root": true,
      "rootEmpty": true,
      "_timeout": 2000
    },
    {
      "uuid": "6a1d17b9-e7c2-4b62-ad92-76af245a4a99",
      "title": "",
      "fullFile": "cypress/integration/webdriver-uni/selectors.js",
      "file": "cypress/integration/webdriver-uni/selectors.js",
      "beforeHooks": [],
      "afterHooks": [],
      "tests": [],
      "suites": [
        {
          "uuid": "63d17187-23d9-417e-9a65-06387029e984",
          "title": "Selector examples",
          "fullFile": "",
          "file": "",
          "beforeHooks": [],
          "afterHooks": [],
          "tests": [
            {
              "title": "Examples of Selectors via WebdriverUni Contact Us Page",
              "fullTitle": "Selector examples Examples of Selectors via WebdriverUni Contact Us Page",
              "timedOut": null,
              "duration": 228,
              "state": "failed",
              "speed": null,
              "pass": false,
              "fail": true,
              "pending": false,
              "context": null,
              "code": "cy.visit(\"http://www.webdriveruniversity.com/Contact-Us/contactus.html\"); //By tag name\ncy.get(\"input\"); //By attribute name and value\ncy.get(\"input[name='first_name']\"); //By id\ncy.get(\"#contact_me\"); //By class\ncy.get(\".feedback-input\"); //By multiple classes\ncy.get(\"[class='navbar navbar-inverse navbar-fixed-top']\"); //By two different attributes\ncy.get(\"[name='email'][placeholder='Email Address']\"); //By xpath\ncy.xpath(\"//input[@name='first_name']\");",
              "err": {
                "message": "TypeError: cy.xpath is not a function",
                "estack": "TypeError: cy.xpath is not a function\n    at Context.eval (https://webdriveruniversity.com/__cypress/tests?p=cypress/integration/webdriver-uni/selectors.js:116:8)",
                "diff": null
              },
              "uuid": "f1dc7923-7a97-4ab8-a280-9d451f5d296c",
              "parentUUID": "63d17187-23d9-417e-9a65-06387029e984",
              "isHook": false,
              "skipped": false
            }
          ],
          "suites": [],
          "passes": [],
          "failures": [
            "f1dc7923-7a97-4ab8-a280-9d451f5d296c"
          ],
          "pending": [],
          "skipped": [],
          "duration": 228,
          "root": false,
          "rootEmpty": false,
          "_timeout": 2000
        }
      ],
      "passes": [],
      "failures": [],
      "pending": [],
      "skipped": [],
      "duration": 0,
      "root": true,
      "rootEmpty": true,
      "_timeout": 2000
    },
    {
      "uuid": "17eb6025-c492-4684-bf0d-492320ed38a6",
      "title": "",
      "fullFile": "cypress/integration/webdriver-uni/traversing-elements.js",
      "file": "cypress/integration/webdriver-uni/traversing-elements.js",
      "beforeHooks": [],
      "afterHooks": [],
      "tests": [],
      "suites": [
        {
          "uuid": "592ac2f8-fedc-4207-81de-4886503e15c9",
          "title": "Traversing DOM elements in Cypress",
          "fullFile": "",
          "file": "",
          "beforeHooks": [],
          "afterHooks": [],
          "tests": [
            {
              "title": "siblings() To get all sibling DOM elements of elements",
              "fullTitle": "Traversing DOM elements in Cypress siblings() To get all sibling DOM elements of elements",
              "timedOut": null,
              "duration": 1707,
              "state": "passed",
              "speed": "fast",
              "pass": true,
              "fail": false,
              "pending": false,
              "context": null,
              "code": "cy.get(\".traversal-button-other-states .active\").siblings().should(\"have.length\", 3);",
              "err": {},
              "uuid": "d32a23c9-502b-44fb-b8a0-cbe7aeda117d",
              "parentUUID": "592ac2f8-fedc-4207-81de-4886503e15c9",
              "isHook": false,
              "skipped": false
            }
          ],
          "suites": [],
          "passes": [
            "d32a23c9-502b-44fb-b8a0-cbe7aeda117d"
          ],
          "failures": [],
          "pending": [],
          "skipped": [],
          "duration": 1707,
          "root": false,
          "rootEmpty": false,
          "_timeout": 2000
        }
      ],
      "passes": [],
      "failures": [],
      "pending": [],
      "skipped": [],
      "duration": 0,
      "root": true,
      "rootEmpty": true,
      "_timeout": 2000
    }
  ],
  "meta": {
    "mocha": {
      "version": "7.0.1"
    },
    "mochawesome": {
      "options": {
        "quiet": false,
        "reportFilename": "mochawesome",
        "saveHtml": false,
        "saveJson": true,
        "consoleReporter": "spec",
        "useInlineDiffs": false,
        "code": true
      },
      "version": "7.1.3"
    },
    "marge": {
      "options": {
        "id": "default",
        "reportDir": "cypress/results/mochawesome",
        "quite": true,
        "overwrite": false,
        "html": false,
        "json": true
      },
      "version": "6.2.0"
    }
  }
}